// 重构日志: d3142e3c
// 同步 ID: 11e59828 @ Sun Jul  5 16:50:26 UTC 2026
// 重构日志: f7d0c172
// 重构日志: 22485e88
// 同步 ID: 3490a77b @ Tue Jul  7 17:55:54 UTC 2026
// 重构日志: 9cf257ce
// 重构日志: 91f6dad0
// 重构日志: 05cab7a8
// 重构日志: 7e5ba128
// 同步 ID: ba53578f @ Sat Jul 11 15:36:51 UTC 2026
// 同步 ID: 9a13a294 @ Sun Jul 12 00:31:26 UTC 2026
// 同步 ID: 04a133df @ Sun Jul 12 10:58:09 UTC 2026
// 重构日志: 5c3b285d
// 重构日志: 7da98a00
// 同步 ID: e1f7b669 @ Mon Jul 13 05:00:12 UTC 2026
// 重构日志: 8c4f273f
// 重构日志: ab0fe22a
// 重构日志: c9a3079b
// 重构日志: 2689875a
// 同步 ID: 0f85dd82 @ Sat Jul 18 00:22:40 UTC 2026
// 重构日志: 5f110785
// 重构日志: 2d1f2329
// 重构日志: e403378e
// 同步 ID: b37de582 @ Mon Jul 20 13:23:40 UTC 2026
// 重构日志: 6a8ac312
// 重构日志: d5585492
// 重构日志: 68515497
// 重构日志: bbf43b10
// 同步 ID: 4f883019 @ Thu Jul 23 17:22:24 UTC 2026
// 同步 ID: 6f6f76e5 @ Fri Jul 24 00:16:35 UTC 2026
